C:\USERS\LUUK\DOCUMENTS\GITHUB\2IV15-ASSIGNMENT-1\SOURCE\SOURCE\DEBUG\CIRCULARWIRECONSTRAINT.OBJ
C:\USERS\LUUK\DOCUMENTS\GITHUB\2IV15-ASSIGNMENT-1\SOURCE\SOURCE\DEBUG\GRAVITY.OBJ
C:\USERS\LUUK\DOCUMENTS\GITHUB\2IV15-ASSIGNMENT-1\SOURCE\SOURCE\DEBUG\IMAGEIO.OBJ
C:\USERS\LUUK\DOCUMENTS\GITHUB\2IV15-ASSIGNMENT-1\SOURCE\SOURCE\DEBUG\LINEARSOLVER.OBJ
C:\USERS\LUUK\DOCUMENTS\GITHUB\2IV15-ASSIGNMENT-1\SOURCE\SOURCE\DEBUG\PARTICLE.OBJ
C:\USERS\LUUK\DOCUMENTS\GITHUB\2IV15-ASSIGNMENT-1\SOURCE\SOURCE\DEBUG\RODCONSTRAINT.OBJ
C:\USERS\LUUK\DOCUMENTS\GITHUB\2IV15-ASSIGNMENT-1\SOURCE\SOURCE\DEBUG\SOLVER.OBJ
C:\USERS\LUUK\DOCUMENTS\GITHUB\2IV15-ASSIGNMENT-1\SOURCE\SOURCE\DEBUG\SPRINGFORCE.OBJ
C:\USERS\LUUK\DOCUMENTS\GITHUB\2IV15-ASSIGNMENT-1\SOURCE\SOURCE\DEBUG\TINKERTOY.OBJ
C:\USERS\LUUK\DOCUMENTS\GITHUB\2IV15-ASSIGNMENT-1\SOURCE\SOURCE\DEBUG\VC110.PDB
C:\USERS\LUUK\DOCUMENTS\GITHUB\2IV15-ASSIGNMENT-1\SOURCE\DEBUG\SOURCE.ILK
C:\USERS\LUUK\DOCUMENTS\GITHUB\2IV15-ASSIGNMENT-1\SOURCE\DEBUG\SOURCE.EXE
C:\USERS\LUUK\DOCUMENTS\GITHUB\2IV15-ASSIGNMENT-1\SOURCE\DEBUG\SOURCE.PDB
C:\Users\Luuk\Documents\GitHub\2IV15-Assignment-1\Source\Source\Debug\CircularWireConstraint.obj
C:\Users\Luuk\Documents\GitHub\2IV15-Assignment-1\Source\Source\Debug\Gravity.obj
C:\Users\Luuk\Documents\GitHub\2IV15-Assignment-1\Source\Source\Debug\imageio.obj
C:\Users\Luuk\Documents\GitHub\2IV15-Assignment-1\Source\Source\Debug\linearSolver.obj
C:\Users\Luuk\Documents\GitHub\2IV15-Assignment-1\Source\Source\Debug\Particle.obj
C:\Users\Luuk\Documents\GitHub\2IV15-Assignment-1\Source\Source\Debug\RodConstraint.obj
C:\Users\Luuk\Documents\GitHub\2IV15-Assignment-1\Source\Source\Debug\Solver.obj
C:\Users\Luuk\Documents\GitHub\2IV15-Assignment-1\Source\Source\Debug\SpringForce.obj
C:\Users\Luuk\Documents\GitHub\2IV15-Assignment-1\Source\Source\Debug\TinkerToy.obj
C:\Users\Luuk\Documents\GitHub\2IV15-Assignment-1\Source\Source\Debug\cl.command.1.tlog
C:\Users\Luuk\Documents\GitHub\2IV15-Assignment-1\Source\Source\Debug\CL.read.1.tlog
C:\Users\Luuk\Documents\GitHub\2IV15-Assignment-1\Source\Source\Debug\CL.write.1.tlog
C:\Users\Luuk\Documents\GitHub\2IV15-Assignment-1\Source\Source\Debug\link-cvtres.read.1.tlog
C:\Users\Luuk\Documents\GitHub\2IV15-Assignment-1\Source\Source\Debug\link-cvtres.write.1.tlog
C:\Users\Luuk\Documents\GitHub\2IV15-Assignment-1\Source\Source\Debug\link-rc.read.1.tlog
C:\Users\Luuk\Documents\GitHub\2IV15-Assignment-1\Source\Source\Debug\link-rc.write.1.tlog
C:\Users\Luuk\Documents\GitHub\2IV15-Assignment-1\Source\Source\Debug\link.command.1.tlog
C:\Users\Luuk\Documents\GitHub\2IV15-Assignment-1\Source\Source\Debug\link.read.1.tlog
C:\Users\Luuk\Documents\GitHub\2IV15-Assignment-1\Source\Source\Debug\link.write.1.tlog
C:\Users\Luuk\Documents\GitHub\2IV15-Assignment-1\Source\Source\Debug\vc110.idb
C:\Users\Luuk\Documents\GitHub\2IV15-Assignment-1\Source\Source\Debug\vc110.pdb
C:\Users\Luuk\Documents\GitHub\2IV15-Assignment-1\Source\Debug\Source.pdb
C:\Users\Luuk\Documents\GitHub\2IV15-Assignment-1\Source\Debug\Source.exe
C:\Users\Luuk\Documents\GitHub\2IV15-Assignment-1\Source\Debug\Source.ilk
